<?xml version="1.0" encoding="UTF-8"?>
<!-- Generated by org.testng.reporters.JUnitReportReporter -->
<testsuite hostname="IN-CL8C0F3" failures="0" tests="1" name="basic.PostRequestTest" time="2.068" errors="0" timestamp="09 Jun 2022 05:49:53 GMT" skipped="0">
  <testcase classname="basic.PostRequestTest" name="postrequest" time="2.068"/>
</testsuite> <!-- basic.PostRequestTest -->
