<?xml version="1.0" encoding="UTF-8"?>
<!-- Generated by org.testng.reporters.JUnitReportReporter -->
<testsuite hostname="IN-CL8C0F3" failures="0" tests="2" name="oopsjsonintegration.Studentjson" time="2.497" errors="0" timestamp="20 May 2022 09:59:22 GMT" skipped="0">
  <testcase classname="oopsjsonintegration.Studentjson" name="test2" time="0.573"/>
  <testcase classname="oopsjsonintegration.Studentjson" name="Test1" time="1.924"/>
</testsuite> <!-- oopsjsonintegration.Studentjson -->
