<?xml version="1.0" encoding="UTF-8"?>
<!-- Generated by org.testng.reporters.JUnitReportReporter -->
<testsuite hostname="IN-CL8C0F3" failures="0" tests="1" name="basic.GetAllStudents" time="1.477" errors="0" timestamp="19 May 2022 14:12:14 GMT" skipped="0">
  <testcase classname="basic.GetAllStudents" name="getAllStudents" time="1.477"/>
</testsuite> <!-- basic.GetAllStudents -->
