<?xml version="1.0" encoding="UTF-8"?>
<!-- Generated by org.testng.reporters.JUnitReportReporter -->
<testsuite hostname="IN-CL8C0F3" failures="0" tests="1" name="basic.PutRequest" time="1.974" errors="0" timestamp="09 Jun 2022 05:53:17 GMT" skipped="0">
  <testcase classname="basic.PutRequest" name="updatestudent" time="1.974"/>
</testsuite> <!-- basic.PutRequest -->
