<?xml version="1.0" encoding="UTF-8"?>
<!-- Generated by org.testng.reporters.JUnitReportReporter -->
<testsuite hostname="IN-CL8C0F3" failures="0" tests="1" name="basic.GetRequest" time="1.425" errors="0" timestamp="19 May 2022 17:15:21 GMT" skipped="0">
  <testcase classname="basic.GetRequest" name="GetStudent" time="1.425"/>
</testsuite> <!-- basic.GetRequest -->
