<?xml version="1.0" encoding="UTF-8"?>
<!-- Generated by org.testng.reporters.JUnitReportReporter -->
<testsuite hostname="IN-CL8C0F3" failures="0" tests="1" name="basic.GetAllStudents" time="2.424" errors="0" timestamp="27 Jun 2022 05:03:59 GMT" skipped="0">
  <testcase classname="basic.GetAllStudents" name="getAllStudents" time="2.424"/>
</testsuite> <!-- basic.GetAllStudents -->
