<?xml version="1.0" encoding="UTF-8"?>
<!-- Generated by org.testng.reporters.JUnitReportReporter -->
<testsuite hostname="IN-CL8C0F3" failures="0" tests="1" name="basic.GetStudentDetailsBetter" time="1.912" errors="0" timestamp="09 Jun 2022 05:44:58 GMT" skipped="0">
  <testcase classname="basic.GetStudentDetailsBetter" name="getAllStudents" time="1.912"/>
</testsuite> <!-- basic.GetStudentDetailsBetter -->
