<?xml version="1.0" encoding="UTF-8"?>
<!-- Generated by org.testng.reporters.JUnitReportReporter -->
<testsuite hostname="IN-CL8C0F3" failures="0" tests="1" name="extractingDatafromjson.ExtractVaiRestAssured" time="3.093" errors="0" timestamp="09 Jun 2022 06:43:17 GMT" skipped="0">
  <testcase classname="extractingDatafromjson.ExtractVaiRestAssured" name="GetStudent" time="3.093"/>
</testsuite> <!-- extractingDatafromjson.ExtractVaiRestAssured -->
