<?xml version="1.0" encoding="UTF-8"?>
<!-- Generated by org.testng.reporters.JUnitReportReporter -->
<testsuite hostname="IN-CL8C0F3" failures="0" tests="5" name="hemcrestValidation.HemcrestExample1" time="4.949" errors="0" timestamp="09 Jun 2022 06:40:55 GMT" skipped="0">
  <testcase classname="hemcrestValidation.HemcrestExample1" name="GetStudent" time="2.260"/>
  <testcase classname="hemcrestValidation.HemcrestExample1" name="Test5" time="0.676"/>
  <testcase classname="hemcrestValidation.HemcrestExample1" name="Test2" time="0.743"/>
  <testcase classname="hemcrestValidation.HemcrestExample1" name="Test4" time="0.608"/>
  <testcase classname="hemcrestValidation.HemcrestExample1" name="Test3" time="0.662"/>
</testsuite> <!-- hemcrestValidation.HemcrestExample1 -->
