<?xml version="1.0" encoding="UTF-8"?>
<!-- Generated by org.testng.reporters.JUnitReportReporter -->
<testsuite hostname="IN-CL8C0F3" failures="0" tests="1" name="basic.ResponseLogging" time="1.940" errors="0" timestamp="09 Jun 2022 06:34:56 GMT" skipped="0">
  <testcase classname="basic.ResponseLogging" name="logingevent" time="1.940"/>
</testsuite> <!-- basic.ResponseLogging -->
