<?xml version="1.0" encoding="UTF-8"?>
<!-- Generated by org.testng.reporters.JUnitReportReporter -->
<testsuite hostname="IN-CL8C0F3" failures="0" tests="2" name="jsonintegration.JsonObjectAndArray" time="1.507" errors="0" timestamp="20 May 2022 06:28:38 GMT" skipped="0">
  <testcase classname="jsonintegration.JsonObjectAndArray" name="JsonObj" time="1.506"/>
  <testcase classname="jsonintegration.JsonObjectAndArray" name="jsonobj" time="0.001"/>
</testsuite> <!-- jsonintegration.JsonObjectAndArray -->
